<?xml version="1.0" encoding="UTF-8"?>
<testng-results ignored="0" total="4" passed="4" failed="0" skipped="0">
  <reporter-output>
  </reporter-output>
  <suite started-at="2022-03-21T19:53:16 IST" name="Default suite" finished-at="2022-03-21T19:55:25 IST" duration-ms="129093">
    <groups>
    </groups>
    <test started-at="2022-03-21T19:53:16 IST" name="Default test" finished-at="2022-03-21T19:55:25 IST" duration-ms="129093">
      <class name="com.crm.OrganiZation.CheckHomePageVisible_TC1">
        <test-method is-config="true" signature="BS()[pri:0, instance:com.crm.OrganiZation.CheckHomePageVisible_TC1@5f9b2141]" started-at="2022-03-21T19:53:16 IST" name="BS" finished-at="2022-03-21T19:53:16 IST" duration-ms="26" status="PASS">
          <reporter-output>
          </reporter-output>
        </test-method> <!-- BS -->
        <test-method is-config="true" signature="BC()[pri:0, instance:com.crm.OrganiZation.CheckHomePageVisible_TC1@5f9b2141]" started-at="2022-03-21T19:53:16 IST" name="BC" finished-at="2022-03-21T19:53:23 IST" duration-ms="6945" status="PASS">
          <reporter-output>
          </reporter-output>
        </test-method> <!-- BC -->
        <test-method is-config="true" signature="BM()[pri:0, instance:com.crm.OrganiZation.CheckHomePageVisible_TC1@5f9b2141]" started-at="2022-03-21T19:53:23 IST" name="BM" finished-at="2022-03-21T19:53:28 IST" duration-ms="5889" status="PASS">
          <reporter-output>
          </reporter-output>
        </test-method> <!-- BM -->
        <test-method signature="CheckHomePage_TC1()[pri:1, instance:com.crm.OrganiZation.CheckHomePageVisible_TC1@5f9b2141]" started-at="2022-03-21T19:53:28 IST" name="CheckHomePage_TC1" finished-at="2022-03-21T19:53:29 IST" duration-ms="16" status="PASS">
          <reporter-output>
          </reporter-output>
        </test-method> <!-- CheckHomePage_TC1 -->
        <test-method is-config="true" signature="AM()[pri:0, instance:com.crm.OrganiZation.CheckHomePageVisible_TC1@5f9b2141]" started-at="2022-03-21T19:53:29 IST" name="AM" finished-at="2022-03-21T19:53:40 IST" duration-ms="11172" status="PASS">
          <reporter-output>
          </reporter-output>
        </test-method> <!-- AM -->
        <test-method is-config="true" signature="BM()[pri:0, instance:com.crm.OrganiZation.CheckHomePageVisible_TC1@5f9b2141]" started-at="2022-03-21T19:53:40 IST" name="BM" finished-at="2022-03-21T19:53:47 IST" duration-ms="7141" status="PASS">
          <reporter-output>
          </reporter-output>
        </test-method> <!-- BM -->
        <test-method signature="CheckHomePage_TC1()[pri:1, instance:com.crm.OrganiZation.CheckHomePageVisible_TC1@5f9b2141]" started-at="2022-03-21T19:53:47 IST" name="CheckHomePage_TC1" finished-at="2022-03-21T19:53:47 IST" duration-ms="6" status="PASS">
          <reporter-output>
          </reporter-output>
        </test-method> <!-- CheckHomePage_TC1 -->
        <test-method is-config="true" signature="AM()[pri:0, instance:com.crm.OrganiZation.CheckHomePageVisible_TC1@5f9b2141]" started-at="2022-03-21T19:53:47 IST" name="AM" finished-at="2022-03-21T19:54:01 IST" duration-ms="13943" status="PASS">
          <reporter-output>
          </reporter-output>
        </test-method> <!-- AM -->
        <test-method is-config="true" signature="BM()[pri:0, instance:com.crm.OrganiZation.CheckHomePageVisible_TC1@5f9b2141]" started-at="2022-03-21T19:54:01 IST" name="BM" finished-at="2022-03-21T19:54:11 IST" duration-ms="10138" status="PASS">
          <reporter-output>
          </reporter-output>
        </test-method> <!-- BM -->
        <test-method signature="Create_New_Organization_TC2()[pri:2, instance:com.crm.OrganiZation.CheckHomePageVisible_TC1@5f9b2141]" started-at="2022-03-21T19:54:11 IST" name="Create_New_Organization_TC2" finished-at="2022-03-21T19:54:43 IST" duration-ms="32002" status="PASS">
          <reporter-output>
          </reporter-output>
        </test-method> <!-- Create_New_Organization_TC2 -->
        <test-method is-config="true" signature="AM()[pri:0, instance:com.crm.OrganiZation.CheckHomePageVisible_TC1@5f9b2141]" started-at="2022-03-21T19:54:43 IST" name="AM" finished-at="2022-03-21T19:54:46 IST" duration-ms="3176" status="PASS">
          <reporter-output>
          </reporter-output>
        </test-method> <!-- AM -->
        <test-method is-config="true" signature="BM()[pri:0, instance:com.crm.OrganiZation.CheckHomePageVisible_TC1@5f9b2141]" started-at="2022-03-21T19:54:46 IST" name="BM" finished-at="2022-03-21T19:54:51 IST" duration-ms="4834" status="PASS">
          <reporter-output>
          </reporter-output>
        </test-method> <!-- BM -->
        <test-method signature="Create_New_Organization_TC2()[pri:2, instance:com.crm.OrganiZation.CheckHomePageVisible_TC1@5f9b2141]" started-at="2022-03-21T19:54:51 IST" name="Create_New_Organization_TC2" finished-at="2022-03-21T19:55:20 IST" duration-ms="28923" status="PASS">
          <reporter-output>
          </reporter-output>
        </test-method> <!-- Create_New_Organization_TC2 -->
        <test-method is-config="true" signature="AM()[pri:0, instance:com.crm.OrganiZation.CheckHomePageVisible_TC1@5f9b2141]" started-at="2022-03-21T19:55:20 IST" name="AM" finished-at="2022-03-21T19:55:23 IST" duration-ms="3247" status="PASS">
          <reporter-output>
          </reporter-output>
        </test-method> <!-- AM -->
        <test-method is-config="true" signature="AC()[pri:0, instance:com.crm.OrganiZation.CheckHomePageVisible_TC1@5f9b2141]" started-at="2022-03-21T19:55:23 IST" name="AC" finished-at="2022-03-21T19:55:25 IST" duration-ms="1584" status="PASS">
          <reporter-output>
          </reporter-output>
        </test-method> <!-- AC -->
        <test-method is-config="true" signature="AS()[pri:0, instance:com.crm.OrganiZation.CheckHomePageVisible_TC1@5f9b2141]" started-at="2022-03-21T19:55:25 IST" name="AS" finished-at="2022-03-21T19:55:25 IST" duration-ms="0" status="PASS">
          <reporter-output>
          </reporter-output>
        </test-method> <!-- AS -->
      </class> <!-- com.crm.OrganiZation.CheckHomePageVisible_TC1 -->
    </test> <!-- Default test -->
  </suite> <!-- Default suite -->
</testng-results>
