<?xml version="1.0" encoding="UTF-8"?>
<!-- Generated by org.testng.reporters.JUnitXMLReporter -->
<testsuite ignored="0" hostname="DESKTOP-7MR7K0D" failures="0" tests="4" name="Default test" time="129.093" errors="0" timestamp="2022-03-21T19:55:25 IST">
  <testcase classname="com.crm.OrganiZation.CheckHomePageVisible_TC1" name="CheckHomePage_TC1" time="0.016"/>
  <testcase classname="com.crm.OrganiZation.CheckHomePageVisible_TC1" name="CheckHomePage_TC1" time="0.006"/>
  <testcase classname="com.crm.OrganiZation.CheckHomePageVisible_TC1" name="Create_New_Organization_TC2" time="32.002"/>
  <testcase classname="com.crm.OrganiZation.CheckHomePageVisible_TC1" name="Create_New_Organization_TC2" time="28.923"/>
</testsuite> <!-- Default test -->
